<?xml version="1.0" encoding="UTF-8"?>
<testsuites>
  <testsuite name="URLShortener" tests="8" assertions="8" failures="0" errors="0" time="0.018826">
    <testsuite name="URLShortener\HasherTest" file="/Users/adacosta/Documents/dev/url/tests/HasherTest.php" tests="4" assertions="4" failures="0" errors="0" time="0.009799">
      <testcase name="testCanNotCreateHasherWithInvalidFunction" class="URLShortener\HasherTest" file="/Users/adacosta/Documents/dev/url/tests/HasherTest.php" line="15" assertions="1" time="0.002924"/>
      <testsuite name="URLShortener\HasherTest::testGenerateExpectedHash" tests="2" assertions="2" failures="0" errors="0" time="0.004822">
        <testcase name="testGenerateExpectedHash with data set #0" assertions="1" time="0.002561"/>
        <testcase name="testGenerateExpectedHash with data set #1" assertions="1" time="0.002261"/>
      </testsuite>
      <testcase name="testCanRetrieveAlgorithmName" class="URLShortener\HasherTest" file="/Users/adacosta/Documents/dev/url/tests/HasherTest.php" line="32" assertions="1" time="0.002053"/>
    </testsuite>
    <testsuite name="URLShortener\URLTest" file="/Users/adacosta/Documents/dev/url/tests/URLTest.php" tests="4" assertions="4" failures="0" errors="0" time="0.009027">
      <testsuite name="URLShortener\URLTest::testDoesNotAllowInvalidUrls" tests="1" assertions="1" failures="0" errors="0" time="0.002254">
        <testcase name="testDoesNotAllowInvalidUrls with data set #0" assertions="1" time="0.002254"/>
      </testsuite>
      <testsuite name="URLShortener\URLTest::testCanCreateInstanceWithValidUrl" tests="2" assertions="2" failures="0" errors="0" time="0.004589">
        <testcase name="testCanCreateInstanceWithValidUrl with data set #0" assertions="1" time="0.002483"/>
        <testcase name="testCanCreateInstanceWithValidUrl with data set #1" assertions="1" time="0.002106"/>
      </testsuite>
      <testcase name="testCanRetrieveUrlAsString" class="URLShortener\URLTest" file="/Users/adacosta/Documents/dev/url/tests/URLTest.php" line="30" assertions="1" time="0.002184"/>
    </testsuite>
  </testsuite>
</testsuites>
